Arguments: 
  C:\Program Files\nodejs\node.exe C:\Users\Camilo\AppData\Roaming\npm\node_modules\yarn\bin\yarn.js add gulp -D

PATH: 
  C:\Program Files (x86)\Common Files\Oracle\Java\javapath;C:\Program Files (x86)\NVIDIA Corporation\PhysX\Common;C:\WINDOWS\system32;C:\WINDOWS;C:\WINDOWS\System32\Wbem;C:\WINDOWS\System32\WindowsPowerShell\v1.0\;C:\Program Files\nodejs\;C:\Users\Camilo\AppData\Local\Programs\Python\Python37-32\Scripts;C:\Program Files\Git\cmd;C:\Users\Camilo\AppData\Local\Programs\Python\Python35\Scripts\;C:\Users\Camilo\AppData\Local\Programs\Python\Python35\;C:\Users\Camilo\AppData\Roaming\npm;C:\Users\Camilo\AppData\Local\GitHubDesktop\bin

Yarn version: 
  1.9.2

Node version: 
  10.6.0

Platform: 
  win32 x64

Trace: 
  Error: getaddrinfo ENOTFOUND registry.yarnpkg.com registry.yarnpkg.com:443
      at GetAddrInfoReqWrap.onlookup [as oncomplete] (dns.js:56:26)

npm manifest: 
  {
    "name": "coraline-educative",
    "version": "1.0.0",
    "description": "Coraline Educative is a Coraline content manager with focus on education.",
    "main": "index.js",
    "scripts": {
      "start": "node .",
      "build": "node_modules/.bin/gulp build",
      "watch": "node_modules/.bin/gulp watch"
    },
    "repository": {
      "type": "git",
      "url": "git+https://github.com/CamiloTD/coraline-educative.git"
    },
    "keywords": [
      "coraline",
      "educative",
      "education",
      "iot",
      "cellphone",
      "learning"
    ],
    "author": "CamiloTD",
    "license": "GPL-3.0-or-later",
    "bugs": {
      "url": "https://github.com/CamiloTD/coraline-educative/issues"
    },
    "homepage": "https://github.com/CamiloTD/coraline-educative#readme",
    "devDependencies": {},
    "dependencies": {
    }
  }

yarn manifest: 
  No manifest

Lockfile: 
  No lockfile
